<?xml version="1.0" encoding="UTF-8"?>
<!-- Generated by org.testng.reporters.JUnitReportReporter -->
<testsuite hostname="eHLT-LAP-0037" failures="0" tests="9" name="Casecreation.RMS.singleProviderRequestExceldata" time="920.978" errors="0" timestamp="2021-11-17T17:43:02 IST" skipped="0">
  <testcase classname="Casecreation.RMS.singleProviderRequestExceldata" name="ProviderRequest" time="117.990"/>
  <system-out/>
  <testcase classname="Casecreation.RMS.singleProviderRequestExceldata" name="ProviderRequest" time="122.527"/>
  <system-out/>
  <testcase classname="Casecreation.RMS.singleProviderRequestExceldata" name="ProviderRequest" time="108.618"/>
  <system-out/>
  <testcase classname="Casecreation.RMS.singleProviderRequestExceldata" name="ProviderRequest" time="110.043"/>
  <system-out/>
  <testcase classname="Casecreation.RMS.singleProviderRequestExceldata" name="ProviderRequest" time="102.478"/>
  <system-out/>
  <testcase classname="Casecreation.RMS.singleProviderRequestExceldata" name="ProviderRequest" time="118.538"/>
  <system-out/>
  <testcase classname="Casecreation.RMS.singleProviderRequestExceldata" name="ProviderRequest" time="107.907"/>
  <system-out/>
  <testcase classname="Casecreation.RMS.singleProviderRequestExceldata" name="ProviderRequest" time="104.520"/>
  <system-out/>
  <testcase classname="Casecreation.RMS.singleProviderRequestExceldata" name="login" time="28.357"/>
  <system-out/>
</testsuite> <!-- Casecreation.RMS.singleProviderRequestExceldata -->
