<?xml version="1.0" encoding="UTF-8"?>
<!-- Generated by org.testng.reporters.JUnitReportReporter -->
<testsuite hostname="eHLT-LAP-0037" failures="0" tests="9" name="Casecreation.RMS.ProviderRequestExceldata" time="816.778" errors="0" timestamp="2021-11-18T18:20:18 IST" skipped="0">
  <testcase classname="Casecreation.RMS.ProviderRequestExceldata" name="ProviderRequest" time="100.865"/>
  <system-out/>
  <testcase classname="Casecreation.RMS.ProviderRequestExceldata" name="ProviderRequest" time="100.457"/>
  <system-out/>
  <testcase classname="Casecreation.RMS.ProviderRequestExceldata" name="ProviderRequest" time="93.231"/>
  <system-out/>
  <testcase classname="Casecreation.RMS.ProviderRequestExceldata" name="ProviderRequest" time="103.123"/>
  <system-out/>
  <testcase classname="Casecreation.RMS.ProviderRequestExceldata" name="ProviderRequest" time="100.113"/>
  <system-out/>
  <testcase classname="Casecreation.RMS.ProviderRequestExceldata" name="ProviderRequest" time="85.689"/>
  <system-out/>
  <testcase classname="Casecreation.RMS.ProviderRequestExceldata" name="ProviderRequest" time="106.771"/>
  <system-out/>
  <testcase classname="Casecreation.RMS.ProviderRequestExceldata" name="ProviderRequest" time="92.272"/>
  <system-out/>
  <testcase classname="Casecreation.RMS.ProviderRequestExceldata" name="login" time="34.257"/>
  <system-out/>
</testsuite> <!-- Casecreation.RMS.ProviderRequestExceldata -->
